{"/Users/liushasha/workspace/web3/handler-spa/react-webpack/hooks/useImmer.ts": {"path":"/Users/liushasha/workspace/web3/handler-spa/react-webpack/hooks/useImmer.ts","statementMap":{"0":{"start":{"line":10,"column":16},"end":{"line":10,"column":28}},"1":{"start":{"line":10,"column":16},"end":{"line":1,"column":null}},"2":{"start":{"line":1,"column":38},"end":{"line":1,"column":null}},"3":{"start":{"line":1,"column":38},"end":{"line":2,"column":null}},"4":{"start":{"line":2,"column":39},"end":{"line":2,"column":null}},"5":{"start":{"line":11,"column":27},"end":{"line":12,"column":null}},"6":{"start":{"line":15,"column":2},"end":{"line":21,"column":9}},"7":{"start":{"line":16,"column":4},"end":{"line":20,"column":null}},"8":{"start":{"line":17,"column":6},"end":{"line":17,"column":null}},"9":{"start":{"line":19,"column":6},"end":{"line":19,"column":null}}},"fnMap":{"0":{"name":"(anonymous_0)","decl":{"start":{"line":10,"column":16},"end":{"line":10,"column":28}},"loc":{"start":{"line":10,"column":16},"end":{"line":10,"column":28}}},"1":{"name":"(anonymous_2)","decl":{"start":{"line":1,"column":38},"end":{"line":1,"column":null}},"loc":{"start":{"line":1,"column":38},"end":{"line":1,"column":null}}},"2":{"name":"(anonymous_4)","decl":{"start":{"line":2,"column":39},"end":{"line":2,"column":null}},"loc":{"start":{"line":2,"column":39},"end":{"line":2,"column":null}}},"3":{"name":"(anonymous_6)","decl":{"start":{"line":15,"column":27},"end":{"line":16,"column":3}},"loc":{"start":{"line":15,"column":28},"end":{"line":21,"column":5}}}},"branchMap":{"0":{"loc":{"start":{"line":12,"column":11},"end":{"line":12,"column":73}},"type":"cond-expr","locations":[{"start":{"line":12,"column":46},"end":{"line":12,"column":61}},{"start":{"line":12,"column":61},"end":{"line":12,"column":73}}]},"1":{"loc":{"start":{"line":16,"column":4},"end":{"line":20,"column":null}},"type":"if","locations":[{"start":{"line":16,"column":4},"end":{"line":20,"column":null}},{"start":{"line":18,"column":11},"end":{"line":20,"column":null}}]}},"s":{"0":9,"1":1,"2":15,"3":1,"4":11,"5":7,"6":7,"7":3,"8":3,"9":0},"f":{"0":15,"1":14,"2":9,"3":3},"b":{"0":[0,7],"1":[3,0]}}
,"/Users/liushasha/workspace/web3/handler-spa/react-webpack/src/comp.tsx": {"path":"/Users/liushasha/workspace/web3/handler-spa/react-webpack/src/comp.tsx","statementMap":{"0":{"start":{"line":5,"column":13},"end":{"line":5,"column":20}},"1":{"start":{"line":5,"column":13},"end":{"line":1,"column":null}},"2":{"start":{"line":1,"column":36},"end":{"line":1,"column":null}},"3":{"start":{"line":1,"column":36},"end":{"line":2,"column":null}},"4":{"start":{"line":5,"column":20},"end":{"line":13,"column":null}},"5":{"start":{"line":6,"column":26},"end":{"line":6,"column":null}},"6":{"start":{"line":7,"column":2},"end":{"line":11,"column":null}},"7":{"start":{"line":8,"column":4},"end":{"line":10,"column":null}},"8":{"start":{"line":9,"column":6},"end":{"line":9,"column":null}},"9":{"start":{"line":12,"column":2},"end":{"line":12,"column":null}}},"fnMap":{"0":{"name":"(anonymous_0)","decl":{"start":{"line":5,"column":13},"end":{"line":5,"column":20}},"loc":{"start":{"line":5,"column":13},"end":{"line":5,"column":20}}},"1":{"name":"(anonymous_4)","decl":{"start":{"line":1,"column":36},"end":{"line":1,"column":null}},"loc":{"start":{"line":1,"column":36},"end":{"line":1,"column":null}}},"2":{"name":"(anonymous_5)","decl":{"start":{"line":5,"column":20},"end":{"line":5,"column":null}},"loc":{"start":{"line":5,"column":20},"end":{"line":13,"column":null}}},"3":{"name":"(anonymous_6)","decl":{"start":{"line":7,"column":12},"end":{"line":7,"column":null}},"loc":{"start":{"line":7,"column":12},"end":{"line":11,"column":null}}},"4":{"name":"(anonymous_7)","decl":{"start":{"line":8,"column":12},"end":{"line":8,"column":null}},"loc":{"start":{"line":8,"column":12},"end":{"line":10,"column":null}}}},"branchMap":{},"s":{"0":10,"1":1,"2":5,"3":1,"4":1,"5":4,"6":4,"7":2,"8":2,"9":4},"f":{"0":7,"1":3,"2":4,"3":2,"4":2},"b":{}}
}
