TN:
SF:hooks/useImmer.ts
FN:10,(anonymous_0)
FN:1,(anonymous_2)
FN:2,(anonymous_4)
FN:15,(anonymous_6)
FNF:4
FNH:4
FNDA:15,(anonymous_0)
FNDA:14,(anonymous_2)
FNDA:9,(anonymous_4)
FNDA:3,(anonymous_6)
DA:1,15
DA:2,11
DA:10,9
DA:11,7
DA:15,7
DA:16,3
DA:17,3
DA:19,0
LF:8
LH:7
BRDA:12,0,0,0
BRDA:12,0,1,7
BRDA:16,1,0,3
BRDA:16,1,1,0
BRF:4
BRH:2
end_of_record
TN:
SF:src/comp.tsx
FN:5,(anonymous_0)
FN:1,(anonymous_4)
FN:5,(anonymous_5)
FN:7,(anonymous_6)
FN:8,(anonymous_7)
FNF:5
FNH:5
FNDA:7,(anonymous_0)
FNDA:3,(anonymous_4)
FNDA:4,(anonymous_5)
FNDA:2,(anonymous_6)
FNDA:2,(anonymous_7)
DA:1,5
DA:5,10
DA:6,4
DA:7,4
DA:8,2
DA:9,2
DA:12,4
LF:7
LH:7
BRF:0
BRH:0
end_of_record
